{
  "stats": {
    "suites": 1,
    "tests": 1,
    "passes": 1,
    "pending": 0,
    "failures": 0,
    "start": "2025-05-25T06:03:29.879Z",
    "end": "2025-05-25T06:03:33.438Z",
    "duration": 3559,
    "testsRegistered": 1,
    "passPercent": 100,
    "pendingPercent": 0,
    "other": 0,
    "hasOther": false,
    "skipped": 0,
    "hasSkipped": false
  },
  "results": [
    {
      "uuid": "43ac6e35-7ffc-4626-87ae-be24fb4f541c",
      "title": "",
      "fullFile": "cypress\\e2e\\testcases\\AddCustomerTest.cy.js",
      "file": "cypress\\e2e\\testcases\\AddCustomerTest.cy.js",
      "beforeHooks": [],
      "afterHooks": [],
      "tests": [],
      "suites": [
        {
          "uuid": "5bfab1d8-a611-492f-b35a-4cb0a992aa65",
          "title": "Login as Bank Manager and verify it",
          "fullFile": "",
          "file": "",
          "beforeHooks": [],
          "afterHooks": [],
          "tests": [
            {
              "title": "Add new customer as Bank Manager",
              "fullTitle": "Login as Bank Manager and verify it Add new customer as Bank Manager",
              "timedOut": null,
              "duration": 3524,
              "state": "passed",
              "speed": "fast",
              "pass": true,
              "fail": false,
              "pending": false,
              "context": null,
              "code": "_HomePageActions.default.loginAsBankManager();\n_AddCustomerActions.default.AddNewCustomer(data.firstName, data.lastName, data.postCode);\n_AddCustomerActions.default.validateAlert(data.alertMsg);",
              "err": {},
              "uuid": "3c2db2db-9efd-497d-b828-be979bfe15b9",
              "parentUUID": "5bfab1d8-a611-492f-b35a-4cb0a992aa65",
              "isHook": false,
              "skipped": false
            }
          ],
          "suites": [],
          "passes": [
            "3c2db2db-9efd-497d-b828-be979bfe15b9"
          ],
          "failures": [],
          "pending": [],
          "skipped": [],
          "duration": 3524,
          "root": false,
          "rootEmpty": false,
          "_timeout": 2000
        }
      ],
      "passes": [],
      "failures": [],
      "pending": [],
      "skipped": [],
      "duration": 0,
      "root": true,
      "rootEmpty": true,
      "_timeout": 2000
    }
  ],
  "meta": {
    "mocha": {
      "version": "7.2.0"
    },
    "mochawesome": {
      "options": {
        "quiet": false,
        "reportFilename": "mochawesome",
        "saveHtml": false,
        "saveJson": true,
        "consoleReporter": "spec",
        "useInlineDiffs": false,
        "code": true
      },
      "version": "7.1.3"
    },
    "marge": {
      "options": {
        "reportDir": "cypress/reports/mochawesome-report",
        "reportFileName": "testresults",
        "overwrite": false,
        "html": false,
        "json": true,
        "charts": true
      },
      "version": "6.2.0"
    }
  }
}