{
  "stats": {
    "suites": 1,
    "tests": 1,
    "passes": 1,
    "pending": 0,
    "failures": 0,
    "start": "2025-05-25T05:47:57.285Z",
    "end": "2025-05-25T05:48:01.805Z",
    "duration": 4520,
    "testsRegistered": 1,
    "passPercent": 100,
    "pendingPercent": 0,
    "other": 0,
    "hasOther": false,
    "skipped": 0,
    "hasSkipped": false
  },
  "results": [
    {
      "uuid": "c1b77ef1-6a1d-4063-8c93-10d73630a9be",
      "title": "",
      "fullFile": "cypress\\e2e\\testcases\\AddCustomerTest.cy.js",
      "file": "cypress\\e2e\\testcases\\AddCustomerTest.cy.js",
      "beforeHooks": [],
      "afterHooks": [],
      "tests": [],
      "suites": [
        {
          "uuid": "16d09cee-e404-4c2e-aeb6-76db6598b9e0",
          "title": "Login as Bank Manager and verify it",
          "fullFile": "",
          "file": "",
          "beforeHooks": [],
          "afterHooks": [],
          "tests": [
            {
              "title": "Add new customer as Bank Manager",
              "fullTitle": "Login as Bank Manager and verify it Add new customer as Bank Manager",
              "timedOut": null,
              "duration": 4486,
              "state": "passed",
              "speed": "fast",
              "pass": true,
              "fail": false,
              "pending": false,
              "context": null,
              "code": "_HomePageActions.default.loginAsBankManager();\n_AddCustomerActions.default.AddNewCustomer(data.firstName, data.lastName, data.postCode);\n_AddCustomerActions.default.validateAlert(data.alertMsg);",
              "err": {},
              "uuid": "2b52d35f-6db1-462d-b89e-91e2676da41d",
              "parentUUID": "16d09cee-e404-4c2e-aeb6-76db6598b9e0",
              "isHook": false,
              "skipped": false
            }
          ],
          "suites": [],
          "passes": [
            "2b52d35f-6db1-462d-b89e-91e2676da41d"
          ],
          "failures": [],
          "pending": [],
          "skipped": [],
          "duration": 4486,
          "root": false,
          "rootEmpty": false,
          "_timeout": 2000
        }
      ],
      "passes": [],
      "failures": [],
      "pending": [],
      "skipped": [],
      "duration": 0,
      "root": true,
      "rootEmpty": true,
      "_timeout": 2000
    }
  ],
  "meta": {
    "mocha": {
      "version": "7.2.0"
    },
    "mochawesome": {
      "options": {
        "quiet": false,
        "reportFilename": "mochawesome",
        "saveHtml": false,
        "saveJson": true,
        "consoleReporter": "spec",
        "useInlineDiffs": false,
        "code": true
      },
      "version": "7.1.3"
    },
    "marge": {
      "options": {
        "reportDir": "cypress/reports/mochawesome-report",
        "overwrite": false,
        "html": false,
        "json": true,
        "charts": true
      },
      "version": "6.2.0"
    }
  }
}