{
  "stats": {
    "suites": 1,
    "tests": 2,
    "passes": 2,
    "pending": 0,
    "failures": 0,
    "start": "2025-05-25T06:03:37.242Z",
    "end": "2025-05-25T06:03:39.092Z",
    "duration": 1850,
    "testsRegistered": 2,
    "passPercent": 100,
    "pendingPercent": 0,
    "other": 0,
    "hasOther": false,
    "skipped": 0,
    "hasSkipped": false
  },
  "results": [
    {
      "uuid": "f96acb13-f15f-4031-84f9-ae009e94dbd9",
      "title": "",
      "fullFile": "cypress\\e2e\\testcases\\BankManagerLoginTest.cy.js",
      "file": "cypress\\e2e\\testcases\\BankManagerLoginTest.cy.js",
      "beforeHooks": [],
      "afterHooks": [],
      "tests": [],
      "suites": [
        {
          "uuid": "71066744-6bd6-4e23-becf-b53730de4b55",
          "title": "Login as Bank Manager and verify it",
          "fullFile": "",
          "file": "",
          "beforeHooks": [],
          "afterHooks": [],
          "tests": [
            {
              "title": "Verify Title",
              "fullTitle": "Login as Bank Manager and verify it Verify Title",
              "timedOut": null,
              "duration": 1108,
              "state": "passed",
              "speed": "fast",
              "pass": true,
              "fail": false,
              "pending": false,
              "context": null,
              "code": "_HomePageActions.default.verifyTitle().should('eq', 'Protractor practice website - Banking App');",
              "err": {},
              "uuid": "7e17aa1a-2a9c-42c3-b795-0de40323acbc",
              "parentUUID": "71066744-6bd6-4e23-becf-b53730de4b55",
              "isHook": false,
              "skipped": false
            },
            {
              "title": "Test Login as Bank Manager",
              "fullTitle": "Login as Bank Manager and verify it Test Login as Bank Manager",
              "timedOut": null,
              "duration": 615,
              "state": "passed",
              "speed": "fast",
              "pass": true,
              "fail": false,
              "pending": false,
              "context": null,
              "code": "_HomePageActions.default.loginAsBankManager();",
              "err": {},
              "uuid": "16a3c6c2-bf4b-4ee1-b341-a7f5b81212be",
              "parentUUID": "71066744-6bd6-4e23-becf-b53730de4b55",
              "isHook": false,
              "skipped": false
            }
          ],
          "suites": [],
          "passes": [
            "7e17aa1a-2a9c-42c3-b795-0de40323acbc",
            "16a3c6c2-bf4b-4ee1-b341-a7f5b81212be"
          ],
          "failures": [],
          "pending": [],
          "skipped": [],
          "duration": 1723,
          "root": false,
          "rootEmpty": false,
          "_timeout": 2000
        }
      ],
      "passes": [],
      "failures": [],
      "pending": [],
      "skipped": [],
      "duration": 0,
      "root": true,
      "rootEmpty": true,
      "_timeout": 2000
    }
  ],
  "meta": {
    "mocha": {
      "version": "7.2.0"
    },
    "mochawesome": {
      "options": {
        "quiet": false,
        "reportFilename": "mochawesome",
        "saveHtml": false,
        "saveJson": true,
        "consoleReporter": "spec",
        "useInlineDiffs": false,
        "code": true
      },
      "version": "7.1.3"
    },
    "marge": {
      "options": {
        "reportDir": "cypress/reports/mochawesome-report",
        "reportFileName": "testresults",
        "overwrite": false,
        "html": false,
        "json": true,
        "charts": true
      },
      "version": "6.2.0"
    }
  }
}