{
  "stats": {
    "suites": 1,
    "tests": 1,
    "passes": 1,
    "pending": 0,
    "failures": 0,
    "start": "2025-05-25T06:03:42.822Z",
    "end": "2025-05-25T06:03:47.463Z",
    "duration": 4641,
    "testsRegistered": 1,
    "passPercent": 100,
    "pendingPercent": 0,
    "other": 0,
    "hasOther": false,
    "skipped": 0,
    "hasSkipped": false
  },
  "results": [
    {
      "uuid": "7bf8ae45-910d-46ec-8cf2-eae17cc840f7",
      "title": "",
      "fullFile": "cypress\\e2e\\testcases\\OpenAccountTest.cy.js",
      "file": "cypress\\e2e\\testcases\\OpenAccountTest.cy.js",
      "beforeHooks": [],
      "afterHooks": [],
      "tests": [],
      "suites": [
        {
          "uuid": "349e673e-1483-408b-87f3-4d3df32e3e45",
          "title": "Open Account",
          "fullFile": "",
          "file": "",
          "beforeHooks": [],
          "afterHooks": [],
          "tests": [
            {
              "title": "Open Account",
              "fullTitle": "Open Account Open Account",
              "timedOut": null,
              "duration": 4569,
              "state": "passed",
              "speed": "fast",
              "pass": true,
              "fail": false,
              "pending": false,
              "context": null,
              "code": "_HomePageActions.default.loginAsBankManager();\n_AddCustomerActions.default.AddNewCustomer(data.firstName, data.lastName, data.postCode);\n// AddCustomerActions.validateAlert(data.alertMsg)\n_OpenAccountActions.default.openaccount();\n_OpenAccountActions.default.validateAlert(\"Account created successfully with account Number\");",
              "err": {},
              "uuid": "0f1fad7e-99cd-4307-935f-52869fa10eaf",
              "parentUUID": "349e673e-1483-408b-87f3-4d3df32e3e45",
              "isHook": false,
              "skipped": false
            }
          ],
          "suites": [],
          "passes": [
            "0f1fad7e-99cd-4307-935f-52869fa10eaf"
          ],
          "failures": [],
          "pending": [],
          "skipped": [],
          "duration": 4569,
          "root": false,
          "rootEmpty": false,
          "_timeout": 2000
        }
      ],
      "passes": [],
      "failures": [],
      "pending": [],
      "skipped": [],
      "duration": 0,
      "root": true,
      "rootEmpty": true,
      "_timeout": 2000
    }
  ],
  "meta": {
    "mocha": {
      "version": "7.2.0"
    },
    "mochawesome": {
      "options": {
        "quiet": false,
        "reportFilename": "mochawesome",
        "saveHtml": false,
        "saveJson": true,
        "consoleReporter": "spec",
        "useInlineDiffs": false,
        "code": true
      },
      "version": "7.1.3"
    },
    "marge": {
      "options": {
        "reportDir": "cypress/reports/mochawesome-report",
        "reportFileName": "testresults",
        "overwrite": false,
        "html": false,
        "json": true,
        "charts": true
      },
      "version": "6.2.0"
    }
  }
}